Flow report for RP2A03
Sun Feb 15 14:47:48 2026
Quartus II 64-Bit Version 13.0.1 Build 232 06/12/2013 Service Pack 1 SJ Web Edition


---------------------
; Table of Contents ;
---------------------
  1. Legal Notice
  2. Flow Summary
  3. Flow Settings
  4. Flow Non-Default Global Settings
  5. Flow Elapsed Time
  6. Flow OS Summary
  7. Flow Log
  8. Flow Messages
  9. Flow Suppressed Messages



----------------
; Legal Notice ;
----------------
Copyright (C) 1991-2013 Altera Corporation
Your use of Altera Corporation's design tools, logic functions 
and other software and tools, and its AMPP partner logic 
functions, and any output files from any of the foregoing 
(including device programming or simulation files), and any 
associated documentation or information are expressly subject 
to the terms and conditions of the Altera Program License 
Subscription Agreement, Altera MegaCore Function License 
Agreement, or other applicable license agreement, including, 
without limitation, that your use is for the sole purpose of 
programming logic devices manufactured by Altera and sold by 
Altera or its authorized distributors.  Please refer to the 
applicable agreement for further details.



+--------------------------------------------------------------------------------------+
; Flow Summary                                                                         ;
+------------------------------------+-------------------------------------------------+
; Flow Status                        ; Successful - Sun Feb 15 14:47:46 2026           ;
; Quartus II 64-Bit Version          ; 13.0.1 Build 232 06/12/2013 SP 1 SJ Web Edition ;
; Revision Name                      ; RP2A03                                          ;
; Top-level Entity Name              ; RP2A03                                          ;
; Family                             ; Cyclone II                                      ;
; Device                             ; EP2C5T144C8                                     ;
; Timing Models                      ; Final                                           ;
; Total logic elements               ; 1,569 / 4,608 ( 34 % )                          ;
;     Total combinational functions  ; 1,450 / 4,608 ( 31 % )                          ;
;     Dedicated logic registers      ; 947 / 4,608 ( 21 % )                            ;
; Total registers                    ; 947                                             ;
; Total pins                         ; 51 / 89 ( 57 % )                                ;
; Total virtual pins                 ; 0                                               ;
; Total memory bits                  ; 896 / 119,808 ( < 1 % )                         ;
; Embedded Multiplier 9-bit elements ; 0 / 26 ( 0 % )                                  ;
; Total PLLs                         ; 0 / 2 ( 0 % )                                   ;
+------------------------------------+-------------------------------------------------+


+-----------------------------------------+
; Flow Settings                           ;
+-------------------+---------------------+
; Option            ; Setting             ;
+-------------------+---------------------+
; Start date & time ; 02/15/2026 14:47:30 ;
; Main task         ; Compilation         ;
; Revision Name     ; RP2A03              ;
+-------------------+---------------------+


+--------------------------------------------------------------------------------------------------------------------------+
; Flow Non-Default Global Settings                                                                                         ;
+-------------------------------------+---------------------------------------+---------------+-------------+--------------+
; Assignment Name                     ; Value                                 ; Default Value ; Entity Name ; Section Id   ;
+-------------------------------------+---------------------------------------+---------------+-------------+--------------+
; COMPILER_SIGNATURE_ID               ; 1096118306196.177115605006720         ; --            ; --          ; --           ;
; IP_TOOL_NAME                        ; ROM: 1-PORT                           ; --            ; --          ; --           ;
; IP_TOOL_NAME                        ; ROM: 1-PORT                           ; --            ; --          ; --           ;
; IP_TOOL_NAME                        ; ROM: 1-PORT                           ; --            ; --          ; --           ;
; IP_TOOL_VERSION                     ; 13.0                                  ; --            ; --          ; --           ;
; IP_TOOL_VERSION                     ; 13.0                                  ; --            ; --          ; --           ;
; IP_TOOL_VERSION                     ; 13.0                                  ; --            ; --          ; --           ;
; MAX_CORE_JUNCTION_TEMP              ; 85                                    ; --            ; --          ; --           ;
; MIN_CORE_JUNCTION_TEMP              ; 0                                     ; --            ; --          ; --           ;
; MISC_FILE                           ; NOISE_TABLE.bsf                       ; --            ; --          ; --           ;
; MISC_FILE                           ; LENGTH_TABLE.bsf                      ; --            ; --          ; --           ;
; MISC_FILE                           ; DPCM_TABLE.bsf                        ; --            ; --          ; --           ;
; OUTPUT_PIN_LOAD                     ; 6                                     ; --            ; --          ; 3.3-V LVTTL  ;
; OUTPUT_PIN_LOAD                     ; 6                                     ; --            ; --          ; 3.3-V LVCMOS ;
; OUTPUT_PIN_LOAD                     ; 10                                    ; --            ; --          ; 3.3-V PCI    ;
; OUTPUT_PIN_LOAD                     ; 10                                    ; --            ; --          ; 3.3-V PCI-X  ;
; PARTITION_COLOR                     ; 16764057                              ; --            ; --          ; Top          ;
; PARTITION_FITTER_PRESERVATION_LEVEL ; PLACEMENT_AND_ROUTING                 ; --            ; --          ; Top          ;
; PARTITION_NETLIST_TYPE              ; SOURCE                                ; --            ; --          ; Top          ;
; POWER_BOARD_THERMAL_MODEL           ; None (CONSERVATIVE)                   ; --            ; --          ; --           ;
; POWER_PRESET_COOLING_SOLUTION       ; 23 MM HEAT SINK WITH 200 LFPM AIRFLOW ; --            ; --          ; --           ;
; PROJECT_OUTPUT_DIRECTORY            ; output_files                          ; --            ; --          ; --           ;
+-------------------------------------+---------------------------------------+---------------+-------------+--------------+


+-------------------------------------------------------------------------------------------------------------------------------+
; Flow Elapsed Time                                                                                                             ;
+---------------------------+--------------+-------------------------+---------------------+------------------------------------+
; Module Name               ; Elapsed Time ; Average Processors Used ; Peak Virtual Memory ; Total CPU Time (on all processors) ;
+---------------------------+--------------+-------------------------+---------------------+------------------------------------+
; Analysis & Synthesis      ; 00:00:06     ; 1.0                     ; 471 MB              ; 00:00:05                           ;
; Fitter                    ; 00:00:07     ; 1.0                     ; 602 MB              ; 00:00:06                           ;
; Assembler                 ; 00:00:01     ; 1.0                     ; 418 MB              ; 00:00:01                           ;
; TimeQuest Timing Analyzer ; 00:00:01     ; 1.0                     ; 409 MB              ; 00:00:01                           ;
; Total                     ; 00:00:15     ; --                      ; --                  ; 00:00:13                           ;
+---------------------------+--------------+-------------------------+---------------------+------------------------------------+


+----------------------------------------------------------------------------------------+
; Flow OS Summary                                                                        ;
+---------------------------+------------------+-----------+------------+----------------+
; Module Name               ; Machine Hostname ; OS Name   ; OS Version ; Processor type ;
+---------------------------+------------------+-----------+------------+----------------+
; Analysis & Synthesis      ; A_N_D            ; Windows 7 ; 6.1        ; x86_64         ;
; Fitter                    ; A_N_D            ; Windows 7 ; 6.1        ; x86_64         ;
; Assembler                 ; A_N_D            ; Windows 7 ; 6.1        ; x86_64         ;
; TimeQuest Timing Analyzer ; A_N_D            ; Windows 7 ; 6.1        ; x86_64         ;
+---------------------------+------------------+-----------+------------+----------------+


------------
; Flow Log ;
------------
quartus_map --read_settings_files=on --write_settings_files=off RP2A03 -c RP2A03
quartus_fit --read_settings_files=off --write_settings_files=off RP2A03 -c RP2A03
quartus_asm --read_settings_files=off --write_settings_files=off RP2A03 -c RP2A03
quartus_sta RP2A03 -c RP2A03



