Analysis & Synthesis report for RP2A03
Wed Oct 01 14:51:42 2025
Quartus II 64-Bit Version 13.0.1 Build 232 06/12/2013 Service Pack 1 SJ Web Edition


---------------------
; Table of Contents ;
---------------------
  1. Legal Notice
  2. Analysis & Synthesis Summary
  3. Analysis & Synthesis Settings
  4. Parallel Compilation
  5. Analysis & Synthesis Source Files Read
  6. Analysis & Synthesis Resource Usage Summary
  7. Analysis & Synthesis Resource Utilization by Entity
  8. Analysis & Synthesis RAM Summary
  9. Analysis & Synthesis IP Cores Summary
 10. Registers Removed During Synthesis
 11. Removed Registers Triggering Further Register Optimizations
 12. General Register Statistics
 13. Multiplexer Restructuring Statistics (Restructuring Performed)
 14. Source assignments for NOISE_CHANNEL:MOD_NOISE_CHANNEL|NOISE_TABLE:MOD_NOISE_TABLE|altsyncram:altsyncram_component|altsyncram_aj71:auto_generated
 15. Source assignments for DPCM_CHANNEL:MOD_DPCM_CHANNEL|DPCM_TABLE:MOD_DPCM_TABLE|altsyncram:altsyncram_component|altsyncram_7e71:auto_generated
 16. Source assignments for LENGTH_TABLE:MOD_LENGTH_TABLE|altsyncram:altsyncram_component|altsyncram_4l71:auto_generated
 17. Parameter Settings for User Entity Instance: NOISE_CHANNEL:MOD_NOISE_CHANNEL|NOISE_TABLE:MOD_NOISE_TABLE|altsyncram:altsyncram_component
 18. Parameter Settings for User Entity Instance: DPCM_CHANNEL:MOD_DPCM_CHANNEL|DPCM_TABLE:MOD_DPCM_TABLE|altsyncram:altsyncram_component
 19. Parameter Settings for User Entity Instance: LENGTH_TABLE:MOD_LENGTH_TABLE|altsyncram:altsyncram_component
 20. altsyncram Parameter Settings by Entity Instance
 21. Port Connectivity Checks: "SQUARE_CHANNEL:MOD_SQUARE_CHANNEL_B"
 22. Port Connectivity Checks: "SQUARE_CHANNEL:MOD_SQUARE_CHANNEL_A"
 23. Port Connectivity Checks: "MOS6502_WBCD:MOD_MOS6502_WBCD|RANDOM_LOGIC:MOD_RANDOM_LOGIC"
 24. Port Connectivity Checks: "MOS6502_WBCD:MOD_MOS6502_WBCD"
 25. Elapsed Time Per Partition
 26. Analysis & Synthesis Messages
 27. Analysis & Synthesis Suppressed Messages



----------------
; Legal Notice ;
----------------
Copyright (C) 1991-2013 Altera Corporation
Your use of Altera Corporation's design tools, logic functions 
and other software and tools, and its AMPP partner logic 
functions, and any output files from any of the foregoing 
(including device programming or simulation files), and any 
associated documentation or information are expressly subject 
to the terms and conditions of the Altera Program License 
Subscription Agreement, Altera MegaCore Function License 
Agreement, or other applicable license agreement, including, 
without limitation, that your use is for the sole purpose of 
programming logic devices manufactured by Altera and sold by 
Altera or its authorized distributors.  Please refer to the 
applicable agreement for further details.



+--------------------------------------------------------------------------------------+
; Analysis & Synthesis Summary                                                         ;
+------------------------------------+-------------------------------------------------+
; Analysis & Synthesis Status        ; Successful - Wed Oct 01 14:51:42 2025           ;
; Quartus II 64-Bit Version          ; 13.0.1 Build 232 06/12/2013 SP 1 SJ Web Edition ;
; Revision Name                      ; RP2A03                                          ;
; Top-level Entity Name              ; RP2A03                                          ;
; Family                             ; Cyclone II                                      ;
; Total logic elements               ; 1,712                                           ;
;     Total combinational functions  ; 1,454                                           ;
;     Dedicated logic registers      ; 947                                             ;
; Total registers                    ; 947                                             ;
; Total pins                         ; 50                                              ;
; Total virtual pins                 ; 0                                               ;
; Total memory bits                  ; 896                                             ;
; Embedded Multiplier 9-bit elements ; 0                                               ;
; Total PLLs                         ; 0                                               ;
+------------------------------------+-------------------------------------------------+


+----------------------------------------------------------------------------------------------------------------------+
; Analysis & Synthesis Settings                                                                                        ;
+----------------------------------------------------------------------------+--------------------+--------------------+
; Option                                                                     ; Setting            ; Default Value      ;
+----------------------------------------------------------------------------+--------------------+--------------------+
; Device                                                                     ; EP2C5T144C8        ;                    ;
; Top-level entity name                                                      ; RP2A03             ; RP2A03             ;
; Family name                                                                ; Cyclone II         ; Cyclone IV GX      ;
; Use smart compilation                                                      ; Off                ; Off                ;
; Enable parallel Assembler and TimeQuest Timing Analyzer during compilation ; On                 ; On                 ;
; Enable compact report table                                                ; Off                ; Off                ;
; Restructure Multiplexers                                                   ; Auto               ; Auto               ;
; Create Debugging Nodes for IP Cores                                        ; Off                ; Off                ;
; Preserve fewer node names                                                  ; On                 ; On                 ;
; Disable OpenCore Plus hardware evaluation                                  ; Off                ; Off                ;
; Verilog Version                                                            ; Verilog_2001       ; Verilog_2001       ;
; VHDL Version                                                               ; VHDL_1993          ; VHDL_1993          ;
; State Machine Processing                                                   ; Auto               ; Auto               ;
; Safe State Machine                                                         ; Off                ; Off                ;
; Extract Verilog State Machines                                             ; On                 ; On                 ;
; Extract VHDL State Machines                                                ; On                 ; On                 ;
; Ignore Verilog initial constructs                                          ; Off                ; Off                ;
; Iteration limit for constant Verilog loops                                 ; 5000               ; 5000               ;
; Iteration limit for non-constant Verilog loops                             ; 250                ; 250                ;
; Add Pass-Through Logic to Inferred RAMs                                    ; On                 ; On                 ;
; Infer RAMs from Raw Logic                                                  ; On                 ; On                 ;
; Parallel Synthesis                                                         ; On                 ; On                 ;
; DSP Block Balancing                                                        ; Auto               ; Auto               ;
; NOT Gate Push-Back                                                         ; On                 ; On                 ;
; Power-Up Don't Care                                                        ; On                 ; On                 ;
; Remove Redundant Logic Cells                                               ; Off                ; Off                ;
; Remove Duplicate Registers                                                 ; On                 ; On                 ;
; Ignore CARRY Buffers                                                       ; Off                ; Off                ;
; Ignore CASCADE Buffers                                                     ; Off                ; Off                ;
; Ignore GLOBAL Buffers                                                      ; Off                ; Off                ;
; Ignore ROW GLOBAL Buffers                                                  ; Off                ; Off                ;
; Ignore LCELL Buffers                                                       ; Off                ; Off                ;
; Ignore SOFT Buffers                                                        ; On                 ; On                 ;
; Limit AHDL Integers to 32 Bits                                             ; Off                ; Off                ;
; Optimization Technique                                                     ; Balanced           ; Balanced           ;
; Carry Chain Length                                                         ; 70                 ; 70                 ;
; Auto Carry Chains                                                          ; On                 ; On                 ;
; Auto Open-Drain Pins                                                       ; On                 ; On                 ;
; Perform WYSIWYG Primitive Resynthesis                                      ; Off                ; Off                ;
; Auto ROM Replacement                                                       ; On                 ; On                 ;
; Auto RAM Replacement                                                       ; On                 ; On                 ;
; Auto Shift Register Replacement                                            ; Auto               ; Auto               ;
; Allow Shift Register Merging across Hierarchies                            ; Auto               ; Auto               ;
; Auto Clock Enable Replacement                                              ; On                 ; On                 ;
; Strict RAM Replacement                                                     ; Off                ; Off                ;
; Allow Synchronous Control Signals                                          ; On                 ; On                 ;
; Force Use of Synchronous Clear Signals                                     ; Off                ; Off                ;
; Auto RAM to Logic Cell Conversion                                          ; Off                ; Off                ;
; Auto Resource Sharing                                                      ; Off                ; Off                ;
; Allow Any RAM Size For Recognition                                         ; Off                ; Off                ;
; Allow Any ROM Size For Recognition                                         ; Off                ; Off                ;
; Allow Any Shift Register Size For Recognition                              ; Off                ; Off                ;
; Use LogicLock Constraints during Resource Balancing                        ; On                 ; On                 ;
; Ignore translate_off and synthesis_off directives                          ; Off                ; Off                ;
; Timing-Driven Synthesis                                                    ; Off                ; Off                ;
; Report Parameter Settings                                                  ; On                 ; On                 ;
; Report Source Assignments                                                  ; On                 ; On                 ;
; Report Connectivity Checks                                                 ; On                 ; On                 ;
; Ignore Maximum Fan-Out Assignments                                         ; Off                ; Off                ;
; Synchronization Register Chain Length                                      ; 2                  ; 2                  ;
; PowerPlay Power Optimization                                               ; Normal compilation ; Normal compilation ;
; HDL message level                                                          ; Level2             ; Level2             ;
; Suppress Register Optimization Related Messages                            ; Off                ; Off                ;
; Number of Removed Registers Reported in Synthesis Report                   ; 5000               ; 5000               ;
; Number of Swept Nodes Reported in Synthesis Report                         ; 5000               ; 5000               ;
; Number of Inverted Registers Reported in Synthesis Report                  ; 100                ; 100                ;
; Clock MUX Protection                                                       ; On                 ; On                 ;
; Auto Gated Clock Conversion                                                ; Off                ; Off                ;
; Block Design Naming                                                        ; Auto               ; Auto               ;
; SDC constraint protection                                                  ; Off                ; Off                ;
; Synthesis Effort                                                           ; Auto               ; Auto               ;
; Shift Register Replacement - Allow Asynchronous Clear Signal               ; On                 ; On                 ;
; Pre-Mapping Resynthesis Optimization                                       ; Off                ; Off                ;
; Analysis & Synthesis Message Level                                         ; Medium             ; Medium             ;
; Disable Register Merging Across Hierarchies                                ; Auto               ; Auto               ;
; Resource Aware Inference For Block RAM                                     ; On                 ; On                 ;
; Synthesis Seed                                                             ; 1                  ; 1                  ;
+----------------------------------------------------------------------------+--------------------+--------------------+


Parallel compilation was disabled, but you have multiple processors available. Enable parallel compilation to reduce compilation time.
+-------------------------------------+
; Parallel Compilation                ;
+----------------------------+--------+
; Processors                 ; Number ;
+----------------------------+--------+
; Number detected on machine ; 12     ;
; Maximum allowed            ; 1      ;
+----------------------------+--------+


+---------------------------------------------------------------------------------------------------------------------------------------------------------------------------+
; Analysis & Synthesis Source Files Read                                                                                                                                    ;
+----------------------------------+-----------------+----------------------------------+-------------------------------------------------------------------------+---------+
; File Name with User-Entered Path ; Used in Netlist ; File Type                        ; File Name with Absolute Path                                            ; Library ;
+----------------------------------+-----------------+----------------------------------+-------------------------------------------------------------------------+---------+
; MOS6502_WBCD.v                   ; yes             ; User Verilog HDL File            ; D:/SRC/RP2A03-7--main/RP2A03-7--main/Quartus/MOS6502_WBCD.v             ;         ;
; NOISE_TABLE.v                    ; yes             ; User Wizard-Generated File       ; D:/SRC/RP2A03-7--main/RP2A03-7--main/Quartus/NOISE_TABLE.v              ;         ;
; NOISE_TABLE.mif                  ; yes             ; User Memory Initialization File  ; D:/SRC/RP2A03-7--main/RP2A03-7--main/Quartus/NOISE_TABLE.mif            ;         ;
; LENGTH_TABLE.v                   ; yes             ; User Wizard-Generated File       ; D:/SRC/RP2A03-7--main/RP2A03-7--main/Quartus/LENGTH_TABLE.v             ;         ;
; LENGTH_TABLE.mif                 ; yes             ; User Memory Initialization File  ; D:/SRC/RP2A03-7--main/RP2A03-7--main/Quartus/LENGTH_TABLE.mif           ;         ;
; DPCM_TABLE.v                     ; yes             ; User Wizard-Generated File       ; D:/SRC/RP2A03-7--main/RP2A03-7--main/Quartus/DPCM_TABLE.v               ;         ;
; DPCM_TABLE.mif                   ; yes             ; User Memory Initialization File  ; D:/SRC/RP2A03-7--main/RP2A03-7--main/Quartus/DPCM_TABLE.mif             ;         ;
; RP2A03.v                         ; yes             ; User Verilog HDL File            ; D:/SRC/RP2A03-7--main/RP2A03-7--main/Quartus/RP2A03.v                   ;         ;
; altsyncram.tdf                   ; yes             ; Megafunction                     ; c:/altera/13.0sp1/quartus/libraries/megafunctions/altsyncram.tdf        ;         ;
; stratix_ram_block.inc            ; yes             ; Megafunction                     ; c:/altera/13.0sp1/quartus/libraries/megafunctions/stratix_ram_block.inc ;         ;
; lpm_mux.inc                      ; yes             ; Megafunction                     ; c:/altera/13.0sp1/quartus/libraries/megafunctions/lpm_mux.inc           ;         ;
; lpm_decode.inc                   ; yes             ; Megafunction                     ; c:/altera/13.0sp1/quartus/libraries/megafunctions/lpm_decode.inc        ;         ;
; aglobal130.inc                   ; yes             ; Megafunction                     ; c:/altera/13.0sp1/quartus/libraries/megafunctions/aglobal130.inc        ;         ;
; a_rdenreg.inc                    ; yes             ; Megafunction                     ; c:/altera/13.0sp1/quartus/libraries/megafunctions/a_rdenreg.inc         ;         ;
; altrom.inc                       ; yes             ; Megafunction                     ; c:/altera/13.0sp1/quartus/libraries/megafunctions/altrom.inc            ;         ;
; altram.inc                       ; yes             ; Megafunction                     ; c:/altera/13.0sp1/quartus/libraries/megafunctions/altram.inc            ;         ;
; altdpram.inc                     ; yes             ; Megafunction                     ; c:/altera/13.0sp1/quartus/libraries/megafunctions/altdpram.inc          ;         ;
; db/altsyncram_aj71.tdf           ; yes             ; Auto-Generated Megafunction      ; D:/SRC/RP2A03-7--main/RP2A03-7--main/Quartus/db/altsyncram_aj71.tdf     ;         ;
; db/altsyncram_7e71.tdf           ; yes             ; Auto-Generated Megafunction      ; D:/SRC/RP2A03-7--main/RP2A03-7--main/Quartus/db/altsyncram_7e71.tdf     ;         ;
; db/altsyncram_4l71.tdf           ; yes             ; Auto-Generated Megafunction      ; D:/SRC/RP2A03-7--main/RP2A03-7--main/Quartus/db/altsyncram_4l71.tdf     ;         ;
+----------------------------------+-----------------+----------------------------------+-------------------------------------------------------------------------+---------+


+-----------------------------------------------------+
; Analysis & Synthesis Resource Usage Summary         ;
+---------------------------------------------+-------+
; Resource                                    ; Usage ;
+---------------------------------------------+-------+
; Estimated Total logic elements              ; 1,712 ;
;                                             ;       ;
; Total combinational functions               ; 1454  ;
; Logic element usage by number of LUT inputs ;       ;
;     -- 4 input functions                    ; 786   ;
;     -- 3 input functions                    ; 441   ;
;     -- <=2 input functions                  ; 227   ;
;                                             ;       ;
; Logic elements by mode                      ;       ;
;     -- normal mode                          ; 1441  ;
;     -- arithmetic mode                      ; 13    ;
;                                             ;       ;
; Total registers                             ; 947   ;
;     -- Dedicated logic registers            ; 947   ;
;     -- I/O registers                        ; 0     ;
;                                             ;       ;
; I/O pins                                    ; 50    ;
; Total memory bits                           ; 896   ;
; Embedded Multiplier 9-bit elements          ; 0     ;
; Maximum fan-out node                        ; Clk   ;
; Maximum fan-out                             ; 975   ;
; Total fan-out                               ; 8065  ;
; Average fan-out                             ; 3.25  ;
+---------------------------------------------+-------+


+--------------------------------------------------------------------------------------------------------------------------------------------------------------------------------------------------------------------------------------------------------------------------------------------------------------------+
; Analysis & Synthesis Resource Utilization by Entity                                                                                                                                                                                                                                                                ;
+----------------------------------------------------+-------------------+--------------+-------------+--------------+---------+-----------+------+--------------+------------------------------------------------------------------------------------------------------------------------------------+--------------+
; Compilation Hierarchy Node                         ; LC Combinationals ; LC Registers ; Memory Bits ; DSP Elements ; DSP 9x9 ; DSP 18x18 ; Pins ; Virtual Pins ; Full Hierarchy Name                                                                                                                ; Library Name ;
+----------------------------------------------------+-------------------+--------------+-------------+--------------+---------+-----------+------+--------------+------------------------------------------------------------------------------------------------------------------------------------+--------------+
; |RP2A03                                            ; 1454 (24)         ; 947 (6)      ; 896         ; 0            ; 0       ; 0         ; 50   ; 0            ; |RP2A03                                                                                                                            ; work         ;
;    |CDIV:MOD_CDIV|                                 ; 11 (11)           ; 11 (11)      ; 0           ; 0            ; 0       ; 0         ; 0    ; 0            ; |RP2A03|CDIV:MOD_CDIV                                                                                                              ; work         ;
;    |DPCM_CHANNEL:MOD_DPCM_CHANNEL|                 ; 136 (136)         ; 152 (152)    ; 288         ; 0            ; 0       ; 0         ; 0    ; 0            ; |RP2A03|DPCM_CHANNEL:MOD_DPCM_CHANNEL                                                                                              ; work         ;
;       |DPCM_TABLE:MOD_DPCM_TABLE|                  ; 0 (0)             ; 0 (0)        ; 288         ; 0            ; 0       ; 0         ; 0    ; 0            ; |RP2A03|DPCM_CHANNEL:MOD_DPCM_CHANNEL|DPCM_TABLE:MOD_DPCM_TABLE                                                                    ; work         ;
;          |altsyncram:altsyncram_component|         ; 0 (0)             ; 0 (0)        ; 288         ; 0            ; 0       ; 0         ; 0    ; 0            ; |RP2A03|DPCM_CHANNEL:MOD_DPCM_CHANNEL|DPCM_TABLE:MOD_DPCM_TABLE|altsyncram:altsyncram_component                                    ; work         ;
;             |altsyncram_7e71:auto_generated|       ; 0 (0)             ; 0 (0)        ; 288         ; 0            ; 0       ; 0         ; 0    ; 0            ; |RP2A03|DPCM_CHANNEL:MOD_DPCM_CHANNEL|DPCM_TABLE:MOD_DPCM_TABLE|altsyncram:altsyncram_component|altsyncram_7e71:auto_generated     ; work         ;
;    |LENGTH_COUNTER:LENGTH_COUNTER_RND|             ; 27 (27)           ; 21 (21)      ; 0           ; 0            ; 0       ; 0         ; 0    ; 0            ; |RP2A03|LENGTH_COUNTER:LENGTH_COUNTER_RND                                                                                          ; work         ;
;    |LENGTH_COUNTER:LENGTH_COUNTER_SQA|             ; 26 (26)           ; 21 (21)      ; 0           ; 0            ; 0       ; 0         ; 0    ; 0            ; |RP2A03|LENGTH_COUNTER:LENGTH_COUNTER_SQA                                                                                          ; work         ;
;    |LENGTH_COUNTER:LENGTH_COUNTER_SQB|             ; 26 (26)           ; 21 (21)      ; 0           ; 0            ; 0       ; 0         ; 0    ; 0            ; |RP2A03|LENGTH_COUNTER:LENGTH_COUNTER_SQB                                                                                          ; work         ;
;    |LENGTH_COUNTER:LENGTH_COUNTER_TRI|             ; 27 (27)           ; 21 (21)      ; 0           ; 0            ; 0       ; 0         ; 0    ; 0            ; |RP2A03|LENGTH_COUNTER:LENGTH_COUNTER_TRI                                                                                          ; work         ;
;    |LENGTH_TABLE:MOD_LENGTH_TABLE|                 ; 0 (0)             ; 0 (0)        ; 256         ; 0            ; 0       ; 0         ; 0    ; 0            ; |RP2A03|LENGTH_TABLE:MOD_LENGTH_TABLE                                                                                              ; work         ;
;       |altsyncram:altsyncram_component|            ; 0 (0)             ; 0 (0)        ; 256         ; 0            ; 0       ; 0         ; 0    ; 0            ; |RP2A03|LENGTH_TABLE:MOD_LENGTH_TABLE|altsyncram:altsyncram_component                                                              ; work         ;
;          |altsyncram_4l71:auto_generated|          ; 0 (0)             ; 0 (0)        ; 256         ; 0            ; 0       ; 0         ; 0    ; 0            ; |RP2A03|LENGTH_TABLE:MOD_LENGTH_TABLE|altsyncram:altsyncram_component|altsyncram_4l71:auto_generated                               ; work         ;
;    |LFO:MOD_LFO|                                   ; 65 (65)           ; 37 (37)      ; 0           ; 0            ; 0       ; 0         ; 0    ; 0            ; |RP2A03|LFO:MOD_LFO                                                                                                                ; work         ;
;    |MOS6502_WBCD:MOD_MOS6502_WBCD|                 ; 548 (17)          ; 274 (71)     ; 0           ; 0            ; 0       ; 0         ; 0    ; 0            ; |RP2A03|MOS6502_WBCD:MOD_MOS6502_WBCD                                                                                              ; work         ;
;       |ALU:MOD_ALU|                                ; 69 (69)           ; 34 (34)      ; 0           ; 0            ; 0       ; 0         ; 0    ; 0            ; |RP2A03|MOS6502_WBCD:MOD_MOS6502_WBCD|ALU:MOD_ALU                                                                                  ; work         ;
;       |BUS_MUX:MOD_BUS_MUX|                        ; 130 (130)         ; 0 (0)        ; 0           ; 0            ; 0       ; 0         ; 0    ; 0            ; |RP2A03|MOS6502_WBCD:MOD_MOS6502_WBCD|BUS_MUX:MOD_BUS_MUX                                                                          ; work         ;
;       |DECODER:MOD_DECODER|                        ; 38 (38)           ; 0 (0)        ; 0           ; 0            ; 0       ; 0         ; 0    ; 0            ; |RP2A03|MOS6502_WBCD:MOD_MOS6502_WBCD|DECODER:MOD_DECODER                                                                          ; work         ;
;       |EXTRA_COUNTER:MOD_EXTRA_COUNTER|            ; 8 (8)             ; 8 (8)        ; 0           ; 0            ; 0       ; 0         ; 0    ; 0            ; |RP2A03|MOS6502_WBCD:MOD_MOS6502_WBCD|EXTRA_COUNTER:MOD_EXTRA_COUNTER                                                              ; work         ;
;       |PC:MOD_PC|                                  ; 37 (37)           ; 32 (32)      ; 0           ; 0            ; 0       ; 0         ; 0    ; 0            ; |RP2A03|MOS6502_WBCD:MOD_MOS6502_WBCD|PC:MOD_PC                                                                                    ; work         ;
;       |PREDECODE_IR:MOD_PREDECODE_IR|              ; 13 (13)           ; 8 (8)        ; 0           ; 0            ; 0       ; 0         ; 0    ; 0            ; |RP2A03|MOS6502_WBCD:MOD_MOS6502_WBCD|PREDECODE_IR:MOD_PREDECODE_IR                                                                ; work         ;
;       |RANDOM_LOGIC:MOD_RANDOM_LOGIC|              ; 236 (0)           ; 121 (0)      ; 0           ; 0            ; 0       ; 0         ; 0    ; 0            ; |RP2A03|MOS6502_WBCD:MOD_MOS6502_WBCD|RANDOM_LOGIC:MOD_RANDOM_LOGIC                                                                ; work         ;
;          |ALU_SETUP:MOD_ALU_SETUP|                 ; 46 (46)           ; 26 (26)      ; 0           ; 0            ; 0       ; 0         ; 0    ; 0            ; |RP2A03|MOS6502_WBCD:MOD_MOS6502_WBCD|RANDOM_LOGIC:MOD_RANDOM_LOGIC|ALU_SETUP:MOD_ALU_SETUP                                        ; work         ;
;          |BUS_CONTROL:MOD_BUS_CONTROL|             ; 41 (41)           ; 11 (11)      ; 0           ; 0            ; 0       ; 0         ; 0    ; 0            ; |RP2A03|MOS6502_WBCD:MOD_MOS6502_WBCD|RANDOM_LOGIC:MOD_RANDOM_LOGIC|BUS_CONTROL:MOD_BUS_CONTROL                                    ; work         ;
;          |DISPATCH:MOD_DISPATCH|                   ; 47 (47)           ; 29 (29)      ; 0           ; 0            ; 0       ; 0         ; 0    ; 0            ; |RP2A03|MOS6502_WBCD:MOD_MOS6502_WBCD|RANDOM_LOGIC:MOD_RANDOM_LOGIC|DISPATCH:MOD_DISPATCH                                          ; work         ;
;          |FLAGS:MOD_FLAGS|                         ; 32 (32)           ; 26 (26)      ; 0           ; 0            ; 0       ; 0         ; 0    ; 0            ; |RP2A03|MOS6502_WBCD:MOD_MOS6502_WBCD|RANDOM_LOGIC:MOD_RANDOM_LOGIC|FLAGS:MOD_FLAGS                                                ; work         ;
;          |INT_RESET_CONTROL:MOD_INT_RESET_CONTROL| ; 16 (16)           ; 15 (15)      ; 0           ; 0            ; 0       ; 0         ; 0    ; 0            ; |RP2A03|MOS6502_WBCD:MOD_MOS6502_WBCD|RANDOM_LOGIC:MOD_RANDOM_LOGIC|INT_RESET_CONTROL:MOD_INT_RESET_CONTROL                        ; work         ;
;          |PC_SETUP:MOD_PC_SETUP|                   ; 17 (17)           ; 7 (7)        ; 0           ; 0            ; 0       ; 0         ; 0    ; 0            ; |RP2A03|MOS6502_WBCD:MOD_MOS6502_WBCD|RANDOM_LOGIC:MOD_RANDOM_LOGIC|PC_SETUP:MOD_PC_SETUP                                          ; work         ;
;          |REGS_CONTROL:MOD_REGS_CONTROL|           ; 37 (37)           ; 7 (7)        ; 0           ; 0            ; 0       ; 0         ; 0    ; 0            ; |RP2A03|MOS6502_WBCD:MOD_MOS6502_WBCD|RANDOM_LOGIC:MOD_RANDOM_LOGIC|REGS_CONTROL:MOD_REGS_CONTROL                                  ; work         ;
;    |NOISE_CHANNEL:MOD_NOISE_CHANNEL|               ; 63 (34)           ; 83 (57)      ; 352         ; 0            ; 0       ; 0         ; 0    ; 0            ; |RP2A03|NOISE_CHANNEL:MOD_NOISE_CHANNEL                                                                                            ; work         ;
;       |ENVELOPE_GEN:MOD_ENVELOPE_GEN|              ; 29 (29)           ; 26 (26)      ; 0           ; 0            ; 0       ; 0         ; 0    ; 0            ; |RP2A03|NOISE_CHANNEL:MOD_NOISE_CHANNEL|ENVELOPE_GEN:MOD_ENVELOPE_GEN                                                              ; work         ;
;       |NOISE_TABLE:MOD_NOISE_TABLE|                ; 0 (0)             ; 0 (0)        ; 352         ; 0            ; 0       ; 0         ; 0    ; 0            ; |RP2A03|NOISE_CHANNEL:MOD_NOISE_CHANNEL|NOISE_TABLE:MOD_NOISE_TABLE                                                                ; work         ;
;          |altsyncram:altsyncram_component|         ; 0 (0)             ; 0 (0)        ; 352         ; 0            ; 0       ; 0         ; 0    ; 0            ; |RP2A03|NOISE_CHANNEL:MOD_NOISE_CHANNEL|NOISE_TABLE:MOD_NOISE_TABLE|altsyncram:altsyncram_component                                ; work         ;
;             |altsyncram_aj71:auto_generated|       ; 0 (0)             ; 0 (0)        ; 352         ; 0            ; 0       ; 0         ; 0    ; 0            ; |RP2A03|NOISE_CHANNEL:MOD_NOISE_CHANNEL|NOISE_TABLE:MOD_NOISE_TABLE|altsyncram:altsyncram_component|altsyncram_aj71:auto_generated ; work         ;
;    |REG_SEL:MOD_REG_SEL|                           ; 36 (36)           ; 0 (0)        ; 0           ; 0            ; 0       ; 0         ; 0    ; 0            ; |RP2A03|REG_SEL:MOD_REG_SEL                                                                                                        ; work         ;
;    |SPRITE_DMA:MOD_SPRITE_DMA|                     ; 65 (65)           ; 37 (37)      ; 0           ; 0            ; 0       ; 0         ; 0    ; 0            ; |RP2A03|SPRITE_DMA:MOD_SPRITE_DMA                                                                                                  ; work         ;
;    |SQUARE_CHANNEL:MOD_SQUARE_CHANNEL_A|           ; 166 (138)         ; 97 (71)      ; 0           ; 0            ; 0       ; 0         ; 0    ; 0            ; |RP2A03|SQUARE_CHANNEL:MOD_SQUARE_CHANNEL_A                                                                                        ; work         ;
;       |ENVELOPE_GEN:MOD_ENVELOPE_GEN|              ; 28 (28)           ; 26 (26)      ; 0           ; 0            ; 0       ; 0         ; 0    ; 0            ; |RP2A03|SQUARE_CHANNEL:MOD_SQUARE_CHANNEL_A|ENVELOPE_GEN:MOD_ENVELOPE_GEN                                                          ; work         ;
;    |SQUARE_CHANNEL:MOD_SQUARE_CHANNEL_B|           ; 171 (142)         ; 97 (71)      ; 0           ; 0            ; 0       ; 0         ; 0    ; 0            ; |RP2A03|SQUARE_CHANNEL:MOD_SQUARE_CHANNEL_B                                                                                        ; work         ;
;       |ENVELOPE_GEN:MOD_ENVELOPE_GEN|              ; 29 (29)           ; 26 (26)      ; 0           ; 0            ; 0       ; 0         ; 0    ; 0            ; |RP2A03|SQUARE_CHANNEL:MOD_SQUARE_CHANNEL_B|ENVELOPE_GEN:MOD_ENVELOPE_GEN                                                          ; work         ;
;    |TRIANGLE_CHANNEL:MOD_TRIANGLE_CHANNEL|         ; 63 (63)           ; 69 (69)      ; 0           ; 0            ; 0       ; 0         ; 0    ; 0            ; |RP2A03|TRIANGLE_CHANNEL:MOD_TRIANGLE_CHANNEL                                                                                      ; work         ;
+----------------------------------------------------+-------------------+--------------+-------------+--------------+---------+-----------+------+--------------+------------------------------------------------------------------------------------------------------------------------------------+--------------+
Note: For table entries with two numbers listed, the numbers in parentheses indicate the number of resources of the given type used by the specific entity alone. The numbers listed outside of parentheses indicate the total resources of the given type used by the specific entity and all of its sub-entities in the hierarchy.


+-------------------------------------------------------------------------------------------------------------------------------------------------------------------------------------------------------------------------------------------+
; Analysis & Synthesis RAM Summary                                                                                                                                                                                                          ;
+---------------------------------------------------------------------------------------------------------------------------------------+------+------+--------------+--------------+--------------+--------------+------+------------------+
; Name                                                                                                                                  ; Type ; Mode ; Port A Depth ; Port A Width ; Port B Depth ; Port B Width ; Size ; MIF              ;
+---------------------------------------------------------------------------------------------------------------------------------------+------+------+--------------+--------------+--------------+--------------+------+------------------+
; DPCM_CHANNEL:MOD_DPCM_CHANNEL|DPCM_TABLE:MOD_DPCM_TABLE|altsyncram:altsyncram_component|altsyncram_7e71:auto_generated|ALTSYNCRAM     ; AUTO ; ROM  ; 32           ; 9            ; --           ; --           ; 288  ; DPCM_TABLE.mif   ;
; LENGTH_TABLE:MOD_LENGTH_TABLE|altsyncram:altsyncram_component|altsyncram_4l71:auto_generated|ALTSYNCRAM                               ; AUTO ; ROM  ; 32           ; 8            ; --           ; --           ; 256  ; LENGTH_TABLE.mif ;
; NOISE_CHANNEL:MOD_NOISE_CHANNEL|NOISE_TABLE:MOD_NOISE_TABLE|altsyncram:altsyncram_component|altsyncram_aj71:auto_generated|ALTSYNCRAM ; AUTO ; ROM  ; 32           ; 11           ; --           ; --           ; 352  ; NOISE_TABLE.mif  ;
+---------------------------------------------------------------------------------------------------------------------------------------+------+------+--------------+--------------+--------------+--------------+------+------------------+


+---------------------------------------------------------------------------------------------------------------------------------------------------------------------------------------------------+
; Analysis & Synthesis IP Cores Summary                                                                                                                                                             ;
+--------+--------------+---------+--------------+--------------+---------------------------------------------------------------------+-------------------------------------------------------------+
; Vendor ; IP Core Name ; Version ; Release Date ; License Type ; Entity Instance                                                     ; IP Include File                                             ;
+--------+--------------+---------+--------------+--------------+---------------------------------------------------------------------+-------------------------------------------------------------+
; Altera ; ROM: 1-PORT  ; 13.0    ; N/A          ; N/A          ; |RP2A03|DPCM_CHANNEL:MOD_DPCM_CHANNEL|DPCM_TABLE:MOD_DPCM_TABLE     ; D:/SRC/RP2A03-7--main/RP2A03-7--main/Quartus/DPCM_TABLE.v   ;
; Altera ; ROM: 1-PORT  ; 13.0    ; N/A          ; N/A          ; |RP2A03|LENGTH_TABLE:MOD_LENGTH_TABLE                               ; D:/SRC/RP2A03-7--main/RP2A03-7--main/Quartus/LENGTH_TABLE.v ;
; Altera ; ROM: 1-PORT  ; 13.0    ; N/A          ; N/A          ; |RP2A03|NOISE_CHANNEL:MOD_NOISE_CHANNEL|NOISE_TABLE:MOD_NOISE_TABLE ; D:/SRC/RP2A03-7--main/RP2A03-7--main/Quartus/NOISE_TABLE.v  ;
+--------+--------------+---------+--------------+--------------+---------------------------------------------------------------------+-------------------------------------------------------------+


+----------------------------------------------------------------------------------------------------------------------------------------------------------------------------------------------------------------------------+
; Registers Removed During Synthesis                                                                                                                                                                                         ;
+---------------------------------------------------------------------------------------------------------------+------------------------------------------------------------------------------------------------------------+
; Register name                                                                                                 ; Reason for Removal                                                                                         ;
+---------------------------------------------------------------------------------------------------------------+------------------------------------------------------------------------------------------------------------+
; MOS6502_WBCD:MOD_MOS6502_WBCD|RANDOM_LOGIC:MOD_RANDOM_LOGIC|FLAGS:MOD_FLAGS|SO_LATCH1                         ; Stuck at VCC due to stuck port data_in                                                                     ;
; MOS6502_WBCD:MOD_MOS6502_WBCD|RANDOM_LOGIC:MOD_RANDOM_LOGIC|FLAGS:MOD_FLAGS|SO_LATCH3                         ; Lost fanout                                                                                                ;
; MOS6502_WBCD:MOD_MOS6502_WBCD|RANDOM_LOGIC:MOD_RANDOM_LOGIC|FLAGS:MOD_FLAGS|SO_LATCH2                         ; Lost fanout                                                                                                ;
; MOS6502_WBCD:MOD_MOS6502_WBCD|RANDOM_LOGIC:MOD_RANDOM_LOGIC|FLAGS:MOD_FLAGS|VSET                              ; Stuck at GND due to stuck port data_in                                                                     ;
; MOS6502_WBCD:MOD_MOS6502_WBCD|RANDOM_LOGIC:MOD_RANDOM_LOGIC|INT_RESET_CONTROL:MOD_INT_RESET_CONTROL|RESLATCH1 ; Merged with MOS6502_WBCD:MOD_MOS6502_WBCD|RANDOM_LOGIC:MOD_RANDOM_LOGIC|DISPATCH:MOD_DISPATCH|ENDS2LATCH   ;
; MOS6502_WBCD:MOD_MOS6502_WBCD|EXTRA_COUNTER:MOD_EXTRA_COUNTER|T1_LATCH                                        ; Merged with MOS6502_WBCD:MOD_MOS6502_WBCD|RANDOM_LOGIC:MOD_RANDOM_LOGIC|DISPATCH:MOD_DISPATCH|FETCHLATCH   ;
; MOS6502_WBCD:MOD_MOS6502_WBCD|RANDOM_LOGIC:MOD_RANDOM_LOGIC|FLAGS:MOD_FLAGS|C_LATCH2                          ; Merged with MOS6502_WBCD:MOD_MOS6502_WBCD|RANDOM_LOGIC:MOD_RANDOM_LOGIC|ALU_SETUP:MOD_ALU_SETUP|COUT_LATCH ;
; DPCM_CHANNEL:MOD_DPCM_CHANNEL|DMC_A1[0]                                                                       ; Merged with DPCM_CHANNEL:MOD_DPCM_CHANNEL|DMCSLCNT1[0]                                                     ;
; DPCM_CHANNEL:MOD_DPCM_CHANNEL|DMC_A[0]                                                                        ; Merged with DPCM_CHANNEL:MOD_DPCM_CHANNEL|DMCSLCNT[0]                                                      ;
; SPRITE_DMA:MOD_SPRITE_DMA|SPRBUF[5]                                                                           ; Merged with MOS6502_WBCD:MOD_MOS6502_WBCD|DL_LATCH[5]                                                      ;
; Total Number of Removed Registers = 10                                                                        ;                                                                                                            ;
+---------------------------------------------------------------------------------------------------------------+------------------------------------------------------------------------------------------------------------+


+------------------------------------------------------------------------------------------------------------------------------------------------------------------------------------------------------------+
; Removed Registers Triggering Further Register Optimizations                                                                                                                                                ;
+---------------------------------------------------------------------------------------+---------------------------+----------------------------------------------------------------------------------------+
; Register name                                                                         ; Reason for Removal        ; Registers Removed due to This Register                                                 ;
+---------------------------------------------------------------------------------------+---------------------------+----------------------------------------------------------------------------------------+
; MOS6502_WBCD:MOD_MOS6502_WBCD|RANDOM_LOGIC:MOD_RANDOM_LOGIC|FLAGS:MOD_FLAGS|SO_LATCH1 ; Stuck at VCC              ; MOS6502_WBCD:MOD_MOS6502_WBCD|RANDOM_LOGIC:MOD_RANDOM_LOGIC|FLAGS:MOD_FLAGS|SO_LATCH3, ;
;                                                                                       ; due to stuck port data_in ; MOS6502_WBCD:MOD_MOS6502_WBCD|RANDOM_LOGIC:MOD_RANDOM_LOGIC|FLAGS:MOD_FLAGS|SO_LATCH2, ;
;                                                                                       ;                           ; MOS6502_WBCD:MOD_MOS6502_WBCD|RANDOM_LOGIC:MOD_RANDOM_LOGIC|FLAGS:MOD_FLAGS|VSET       ;
+---------------------------------------------------------------------------------------+---------------------------+----------------------------------------------------------------------------------------+


+------------------------------------------------------+
; General Register Statistics                          ;
+----------------------------------------------+-------+
; Statistic                                    ; Value ;
+----------------------------------------------+-------+
; Total registers                              ; 947   ;
; Number of registers using Synchronous Clear  ; 133   ;
; Number of registers using Synchronous Load   ; 17    ;
; Number of registers using Asynchronous Clear ; 0     ;
; Number of registers using Asynchronous Load  ; 0     ;
; Number of registers using Clock Enable       ; 897   ;
; Number of registers using Preset             ; 0     ;
+----------------------------------------------+-------+


+--------------------------------------------------------------------------------------------------------------------------------------------------------------------------------------------------+
; Multiplexer Restructuring Statistics (Restructuring Performed)                                                                                                                                   ;
+--------------------+-----------+---------------+----------------------+------------------------+------------+------------------------------------------------------------------------------------+
; Multiplexer Inputs ; Bus Width ; Baseline Area ; Area if Restructured ; Saving if Restructured ; Registered ; Example Multiplexer Output                                                         ;
+--------------------+-----------+---------------+----------------------+------------------------+------------+------------------------------------------------------------------------------------+
; 3:1                ; 10 bits   ; 20 LEs        ; 20 LEs               ; 0 LEs                  ; Yes        ; |RP2A03|DPCM_CHANNEL:MOD_DPCM_CHANNEL|DMCSLCNT[3]                                  ;
; 3:1                ; 16 bits   ; 32 LEs        ; 32 LEs               ; 0 LEs                  ; Yes        ; |RP2A03|DPCM_CHANNEL:MOD_DPCM_CHANNEL|DMC_A[6]                                     ;
; 3:1                ; 6 bits    ; 12 LEs        ; 12 LEs               ; 0 LEs                  ; Yes        ; |RP2A03|DPCM_CHANNEL:MOD_DPCM_CHANNEL|DMC_OUT[0]                                   ;
; 3:1                ; 8 bits    ; 16 LEs        ; 16 LEs               ; 0 LEs                  ; Yes        ; |RP2A03|LENGTH_COUNTER:LENGTH_COUNTER_RND|LCNT1[3]                                 ;
; 3:1                ; 4 bits    ; 8 LEs         ; 8 LEs                ; 0 LEs                  ; Yes        ; |RP2A03|NOISE_CHANNEL:MOD_NOISE_CHANNEL|ENVELOPE_GEN:MOD_ENVELOPE_GEN|DDCNT[0]     ;
; 3:1                ; 4 bits    ; 8 LEs         ; 8 LEs                ; 0 LEs                  ; Yes        ; |RP2A03|NOISE_CHANNEL:MOD_NOISE_CHANNEL|ENVELOPE_GEN:MOD_ENVELOPE_GEN|ENV[3]       ;
; 3:1                ; 4 bits    ; 8 LEs         ; 8 LEs                ; 0 LEs                  ; Yes        ; |RP2A03|SQUARE_CHANNEL:MOD_SQUARE_CHANNEL_B|ENVELOPE_GEN:MOD_ENVELOPE_GEN|DDCNT[3] ;
; 3:1                ; 4 bits    ; 8 LEs         ; 8 LEs                ; 0 LEs                  ; Yes        ; |RP2A03|SQUARE_CHANNEL:MOD_SQUARE_CHANNEL_B|ENVELOPE_GEN:MOD_ENVELOPE_GEN|ENV[2]   ;
; 3:1                ; 4 bits    ; 8 LEs         ; 8 LEs                ; 0 LEs                  ; Yes        ; |RP2A03|SQUARE_CHANNEL:MOD_SQUARE_CHANNEL_A|ENVELOPE_GEN:MOD_ENVELOPE_GEN|DDCNT[0] ;
; 3:1                ; 4 bits    ; 8 LEs         ; 8 LEs                ; 0 LEs                  ; Yes        ; |RP2A03|SQUARE_CHANNEL:MOD_SQUARE_CHANNEL_A|ENVELOPE_GEN:MOD_ENVELOPE_GEN|ENV[2]   ;
; 3:1                ; 7 bits    ; 14 LEs        ; 14 LEs               ; 0 LEs                  ; Yes        ; |RP2A03|TRIANGLE_CHANNEL:MOD_TRIANGLE_CHANNEL|TLCNT[2]                             ;
; 3:1                ; 8 bits    ; 16 LEs        ; 16 LEs               ; 0 LEs                  ; Yes        ; |RP2A03|LENGTH_COUNTER:LENGTH_COUNTER_TRI|LCNT1[1]                                 ;
; 3:1                ; 8 bits    ; 16 LEs        ; 16 LEs               ; 0 LEs                  ; Yes        ; |RP2A03|LENGTH_COUNTER:LENGTH_COUNTER_SQB|LCNT1[7]                                 ;
; 3:1                ; 3 bits    ; 6 LEs         ; 3 LEs                ; 3 LEs                  ; Yes        ; |RP2A03|SQUARE_CHANNEL:MOD_SQUARE_CHANNEL_B|DUCNT[2]                               ;
; 3:1                ; 11 bits   ; 22 LEs        ; 22 LEs               ; 0 LEs                  ; Yes        ; |RP2A03|SQUARE_CHANNEL:MOD_SQUARE_CHANNEL_B|FQCNT[4]                               ;
; 3:1                ; 8 bits    ; 16 LEs        ; 16 LEs               ; 0 LEs                  ; Yes        ; |RP2A03|LENGTH_COUNTER:LENGTH_COUNTER_SQA|LCNT1[7]                                 ;
; 3:1                ; 3 bits    ; 6 LEs         ; 3 LEs                ; 3 LEs                  ; Yes        ; |RP2A03|SQUARE_CHANNEL:MOD_SQUARE_CHANNEL_A|DUCNT[2]                               ;
; 3:1                ; 11 bits   ; 22 LEs        ; 22 LEs               ; 0 LEs                  ; Yes        ; |RP2A03|SQUARE_CHANNEL:MOD_SQUARE_CHANNEL_A|FQCNT[6]                               ;
; 3:1                ; 7 bits    ; 14 LEs        ; 14 LEs               ; 0 LEs                  ; Yes        ; |RP2A03|DPCM_CHANNEL:MOD_DPCM_CHANNEL|SHIFT_REG[4]                                 ;
; 3:1                ; 11 bits   ; 22 LEs        ; 22 LEs               ; 0 LEs                  ; Yes        ; |RP2A03|TRIANGLE_CHANNEL:MOD_TRIANGLE_CHANNEL|TFCNT[2]                             ;
; 3:1                ; 8 bits    ; 16 LEs        ; 16 LEs               ; 0 LEs                  ; Yes        ; |RP2A03|MOS6502_WBCD:MOD_MOS6502_WBCD|ALU:MOD_ALU|BI[2]                            ;
; 3:1                ; 3 bits    ; 6 LEs         ; 6 LEs                ; 0 LEs                  ; Yes        ; |RP2A03|SQUARE_CHANNEL:MOD_SQUARE_CHANNEL_B|SWCNT[0]                               ;
; 3:1                ; 3 bits    ; 6 LEs         ; 6 LEs                ; 0 LEs                  ; Yes        ; |RP2A03|SQUARE_CHANNEL:MOD_SQUARE_CHANNEL_A|SWCNT[2]                               ;
; 3:1                ; 5 bits    ; 10 LEs        ; 5 LEs                ; 5 LEs                  ; Yes        ; |RP2A03|NOISE_CHANNEL:MOD_NOISE_CHANNEL|F[2]                                       ;
; 3:1                ; 15 bits   ; 30 LEs        ; 15 LEs               ; 15 LEs                 ; Yes        ; |RP2A03|LFO:MOD_LFO|LFSR1[12]                                                      ;
; 3:1                ; 11 bits   ; 22 LEs        ; 11 LEs               ; 11 LEs                 ; Yes        ; |RP2A03|NOISE_CHANNEL:MOD_NOISE_CHANNEL|NLFSR1[10]                                 ;
; 3:1                ; 2 bits    ; 4 LEs         ; 4 LEs                ; 0 LEs                  ; No         ; |RP2A03|SQUARE_CHANNEL:MOD_SQUARE_CHANNEL_B|S[2]                                   ;
; 3:1                ; 2 bits    ; 4 LEs         ; 4 LEs                ; 0 LEs                  ; No         ; |RP2A03|SQUARE_CHANNEL:MOD_SQUARE_CHANNEL_A|S[3]                                   ;
; 4:1                ; 15 bits   ; 30 LEs        ; 30 LEs               ; 0 LEs                  ; No         ; |RP2A03|SPRITE_DMA:MOD_SPRITE_DMA|ADR[0]                                           ;
+--------------------+-----------+---------------+----------------------+------------------------+------------+------------------------------------------------------------------------------------+


+---------------------------------------------------------------------------------------------------------------------------------------------------+
; Source assignments for NOISE_CHANNEL:MOD_NOISE_CHANNEL|NOISE_TABLE:MOD_NOISE_TABLE|altsyncram:altsyncram_component|altsyncram_aj71:auto_generated ;
+---------------------------------+--------------------+------+-------------------------------------------------------------------------------------+
; Assignment                      ; Value              ; From ; To                                                                                  ;
+---------------------------------+--------------------+------+-------------------------------------------------------------------------------------+
; OPTIMIZE_POWER_DURING_SYNTHESIS ; NORMAL_COMPILATION ; -    ; -                                                                                   ;
+---------------------------------+--------------------+------+-------------------------------------------------------------------------------------+


+-----------------------------------------------------------------------------------------------------------------------------------------------+
; Source assignments for DPCM_CHANNEL:MOD_DPCM_CHANNEL|DPCM_TABLE:MOD_DPCM_TABLE|altsyncram:altsyncram_component|altsyncram_7e71:auto_generated ;
+---------------------------------+--------------------+------+---------------------------------------------------------------------------------+
; Assignment                      ; Value              ; From ; To                                                                              ;
+---------------------------------+--------------------+------+---------------------------------------------------------------------------------+
; OPTIMIZE_POWER_DURING_SYNTHESIS ; NORMAL_COMPILATION ; -    ; -                                                                               ;
+---------------------------------+--------------------+------+---------------------------------------------------------------------------------+


+---------------------------------------------------------------------------------------------------------------------+
; Source assignments for LENGTH_TABLE:MOD_LENGTH_TABLE|altsyncram:altsyncram_component|altsyncram_4l71:auto_generated ;
+---------------------------------+--------------------+------+-------------------------------------------------------+
; Assignment                      ; Value              ; From ; To                                                    ;
+---------------------------------+--------------------+------+-------------------------------------------------------+
; OPTIMIZE_POWER_DURING_SYNTHESIS ; NORMAL_COMPILATION ; -    ; -                                                     ;
+---------------------------------+--------------------+------+-------------------------------------------------------+


+------------------------------------------------------------------------------------------------------------------------------------------+
; Parameter Settings for User Entity Instance: NOISE_CHANNEL:MOD_NOISE_CHANNEL|NOISE_TABLE:MOD_NOISE_TABLE|altsyncram:altsyncram_component ;
+------------------------------------+----------------------+------------------------------------------------------------------------------+
; Parameter Name                     ; Value                ; Type                                                                         ;
+------------------------------------+----------------------+------------------------------------------------------------------------------+
; BYTE_SIZE_BLOCK                    ; 8                    ; Untyped                                                                      ;
; AUTO_CARRY_CHAINS                  ; ON                   ; AUTO_CARRY                                                                   ;
; IGNORE_CARRY_BUFFERS               ; OFF                  ; IGNORE_CARRY                                                                 ;
; AUTO_CASCADE_CHAINS                ; ON                   ; AUTO_CASCADE                                                                 ;
; IGNORE_CASCADE_BUFFERS             ; OFF                  ; IGNORE_CASCADE                                                               ;
; WIDTH_BYTEENA                      ; 1                    ; Untyped                                                                      ;
; OPERATION_MODE                     ; ROM                  ; Untyped                                                                      ;
; WIDTH_A                            ; 11                   ; Signed Integer                                                               ;
; WIDTHAD_A                          ; 5                    ; Signed Integer                                                               ;
; NUMWORDS_A                         ; 32                   ; Signed Integer                                                               ;
; OUTDATA_REG_A                      ; CLOCK0               ; Untyped                                                                      ;
; ADDRESS_ACLR_A                     ; NONE                 ; Untyped                                                                      ;
; OUTDATA_ACLR_A                     ; NONE                 ; Untyped                                                                      ;
; WRCONTROL_ACLR_A                   ; NONE                 ; Untyped                                                                      ;
; INDATA_ACLR_A                      ; NONE                 ; Untyped                                                                      ;
; BYTEENA_ACLR_A                     ; NONE                 ; Untyped                                                                      ;
; WIDTH_B                            ; 1                    ; Untyped                                                                      ;
; WIDTHAD_B                          ; 1                    ; Untyped                                                                      ;
; NUMWORDS_B                         ; 1                    ; Untyped                                                                      ;
; INDATA_REG_B                       ; CLOCK1               ; Untyped                                                                      ;
; WRCONTROL_WRADDRESS_REG_B          ; CLOCK1               ; Untyped                                                                      ;
; RDCONTROL_REG_B                    ; CLOCK1               ; Untyped                                                                      ;
; ADDRESS_REG_B                      ; CLOCK1               ; Untyped                                                                      ;
; OUTDATA_REG_B                      ; UNREGISTERED         ; Untyped                                                                      ;
; BYTEENA_REG_B                      ; CLOCK1               ; Untyped                                                                      ;
; INDATA_ACLR_B                      ; NONE                 ; Untyped                                                                      ;
; WRCONTROL_ACLR_B                   ; NONE                 ; Untyped                                                                      ;
; ADDRESS_ACLR_B                     ; NONE                 ; Untyped                                                                      ;
; OUTDATA_ACLR_B                     ; NONE                 ; Untyped                                                                      ;
; RDCONTROL_ACLR_B                   ; NONE                 ; Untyped                                                                      ;
; BYTEENA_ACLR_B                     ; NONE                 ; Untyped                                                                      ;
; WIDTH_BYTEENA_A                    ; 1                    ; Signed Integer                                                               ;
; WIDTH_BYTEENA_B                    ; 1                    ; Untyped                                                                      ;
; RAM_BLOCK_TYPE                     ; AUTO                 ; Untyped                                                                      ;
; BYTE_SIZE                          ; 8                    ; Untyped                                                                      ;
; READ_DURING_WRITE_MODE_MIXED_PORTS ; DONT_CARE            ; Untyped                                                                      ;
; READ_DURING_WRITE_MODE_PORT_A      ; NEW_DATA_NO_NBE_READ ; Untyped                                                                      ;
; READ_DURING_WRITE_MODE_PORT_B      ; NEW_DATA_NO_NBE_READ ; Untyped                                                                      ;
; INIT_FILE                          ; NOISE_TABLE.mif      ; Untyped                                                                      ;
; INIT_FILE_LAYOUT                   ; PORT_A               ; Untyped                                                                      ;
; MAXIMUM_DEPTH                      ; 0                    ; Untyped                                                                      ;
; CLOCK_ENABLE_INPUT_A               ; BYPASS               ; Untyped                                                                      ;
; CLOCK_ENABLE_INPUT_B               ; NORMAL               ; Untyped                                                                      ;
; CLOCK_ENABLE_OUTPUT_A              ; BYPASS               ; Untyped                                                                      ;
; CLOCK_ENABLE_OUTPUT_B              ; NORMAL               ; Untyped                                                                      ;
; CLOCK_ENABLE_CORE_A                ; USE_INPUT_CLKEN      ; Untyped                                                                      ;
; CLOCK_ENABLE_CORE_B                ; USE_INPUT_CLKEN      ; Untyped                                                                      ;
; ENABLE_ECC                         ; FALSE                ; Untyped                                                                      ;
; ECC_PIPELINE_STAGE_ENABLED         ; FALSE                ; Untyped                                                                      ;
; WIDTH_ECCSTATUS                    ; 3                    ; Untyped                                                                      ;
; DEVICE_FAMILY                      ; Cyclone II           ; Untyped                                                                      ;
; CBXI_PARAMETER                     ; altsyncram_aj71      ; Untyped                                                                      ;
+------------------------------------+----------------------+------------------------------------------------------------------------------+
Note: In order to hide this table in the UI and the text report file, please set the "Show Parameter Settings in Synthesis Report" option in "Analysis and Synthesis Settings -> More Settings" to "Off".


+--------------------------------------------------------------------------------------------------------------------------------------+
; Parameter Settings for User Entity Instance: DPCM_CHANNEL:MOD_DPCM_CHANNEL|DPCM_TABLE:MOD_DPCM_TABLE|altsyncram:altsyncram_component ;
+------------------------------------+----------------------+--------------------------------------------------------------------------+
; Parameter Name                     ; Value                ; Type                                                                     ;
+------------------------------------+----------------------+--------------------------------------------------------------------------+
; BYTE_SIZE_BLOCK                    ; 8                    ; Untyped                                                                  ;
; AUTO_CARRY_CHAINS                  ; ON                   ; AUTO_CARRY                                                               ;
; IGNORE_CARRY_BUFFERS               ; OFF                  ; IGNORE_CARRY                                                             ;
; AUTO_CASCADE_CHAINS                ; ON                   ; AUTO_CASCADE                                                             ;
; IGNORE_CASCADE_BUFFERS             ; OFF                  ; IGNORE_CASCADE                                                           ;
; WIDTH_BYTEENA                      ; 1                    ; Untyped                                                                  ;
; OPERATION_MODE                     ; ROM                  ; Untyped                                                                  ;
; WIDTH_A                            ; 9                    ; Signed Integer                                                           ;
; WIDTHAD_A                          ; 5                    ; Signed Integer                                                           ;
; NUMWORDS_A                         ; 32                   ; Signed Integer                                                           ;
; OUTDATA_REG_A                      ; CLOCK0               ; Untyped                                                                  ;
; ADDRESS_ACLR_A                     ; NONE                 ; Untyped                                                                  ;
; OUTDATA_ACLR_A                     ; NONE                 ; Untyped                                                                  ;
; WRCONTROL_ACLR_A                   ; NONE                 ; Untyped                                                                  ;
; INDATA_ACLR_A                      ; NONE                 ; Untyped                                                                  ;
; BYTEENA_ACLR_A                     ; NONE                 ; Untyped                                                                  ;
; WIDTH_B                            ; 1                    ; Untyped                                                                  ;
; WIDTHAD_B                          ; 1                    ; Untyped                                                                  ;
; NUMWORDS_B                         ; 1                    ; Untyped                                                                  ;
; INDATA_REG_B                       ; CLOCK1               ; Untyped                                                                  ;
; WRCONTROL_WRADDRESS_REG_B          ; CLOCK1               ; Untyped                                                                  ;
; RDCONTROL_REG_B                    ; CLOCK1               ; Untyped                                                                  ;
; ADDRESS_REG_B                      ; CLOCK1               ; Untyped                                                                  ;
; OUTDATA_REG_B                      ; UNREGISTERED         ; Untyped                                                                  ;
; BYTEENA_REG_B                      ; CLOCK1               ; Untyped                                                                  ;
; INDATA_ACLR_B                      ; NONE                 ; Untyped                                                                  ;
; WRCONTROL_ACLR_B                   ; NONE                 ; Untyped                                                                  ;
; ADDRESS_ACLR_B                     ; NONE                 ; Untyped                                                                  ;
; OUTDATA_ACLR_B                     ; NONE                 ; Untyped                                                                  ;
; RDCONTROL_ACLR_B                   ; NONE                 ; Untyped                                                                  ;
; BYTEENA_ACLR_B                     ; NONE                 ; Untyped                                                                  ;
; WIDTH_BYTEENA_A                    ; 1                    ; Signed Integer                                                           ;
; WIDTH_BYTEENA_B                    ; 1                    ; Untyped                                                                  ;
; RAM_BLOCK_TYPE                     ; AUTO                 ; Untyped                                                                  ;
; BYTE_SIZE                          ; 8                    ; Untyped                                                                  ;
; READ_DURING_WRITE_MODE_MIXED_PORTS ; DONT_CARE            ; Untyped                                                                  ;
; READ_DURING_WRITE_MODE_PORT_A      ; NEW_DATA_NO_NBE_READ ; Untyped                                                                  ;
; READ_DURING_WRITE_MODE_PORT_B      ; NEW_DATA_NO_NBE_READ ; Untyped                                                                  ;
; INIT_FILE                          ; DPCM_TABLE.mif       ; Untyped                                                                  ;
; INIT_FILE_LAYOUT                   ; PORT_A               ; Untyped                                                                  ;
; MAXIMUM_DEPTH                      ; 0                    ; Untyped                                                                  ;
; CLOCK_ENABLE_INPUT_A               ; BYPASS               ; Untyped                                                                  ;
; CLOCK_ENABLE_INPUT_B               ; NORMAL               ; Untyped                                                                  ;
; CLOCK_ENABLE_OUTPUT_A              ; BYPASS               ; Untyped                                                                  ;
; CLOCK_ENABLE_OUTPUT_B              ; NORMAL               ; Untyped                                                                  ;
; CLOCK_ENABLE_CORE_A                ; USE_INPUT_CLKEN      ; Untyped                                                                  ;
; CLOCK_ENABLE_CORE_B                ; USE_INPUT_CLKEN      ; Untyped                                                                  ;
; ENABLE_ECC                         ; FALSE                ; Untyped                                                                  ;
; ECC_PIPELINE_STAGE_ENABLED         ; FALSE                ; Untyped                                                                  ;
; WIDTH_ECCSTATUS                    ; 3                    ; Untyped                                                                  ;
; DEVICE_FAMILY                      ; Cyclone II           ; Untyped                                                                  ;
; CBXI_PARAMETER                     ; altsyncram_7e71      ; Untyped                                                                  ;
+------------------------------------+----------------------+--------------------------------------------------------------------------+
Note: In order to hide this table in the UI and the text report file, please set the "Show Parameter Settings in Synthesis Report" option in "Analysis and Synthesis Settings -> More Settings" to "Off".


+------------------------------------------------------------------------------------------------------------+
; Parameter Settings for User Entity Instance: LENGTH_TABLE:MOD_LENGTH_TABLE|altsyncram:altsyncram_component ;
+------------------------------------+----------------------+------------------------------------------------+
; Parameter Name                     ; Value                ; Type                                           ;
+------------------------------------+----------------------+------------------------------------------------+
; BYTE_SIZE_BLOCK                    ; 8                    ; Untyped                                        ;
; AUTO_CARRY_CHAINS                  ; ON                   ; AUTO_CARRY                                     ;
; IGNORE_CARRY_BUFFERS               ; OFF                  ; IGNORE_CARRY                                   ;
; AUTO_CASCADE_CHAINS                ; ON                   ; AUTO_CASCADE                                   ;
; IGNORE_CASCADE_BUFFERS             ; OFF                  ; IGNORE_CASCADE                                 ;
; WIDTH_BYTEENA                      ; 1                    ; Untyped                                        ;
; OPERATION_MODE                     ; ROM                  ; Untyped                                        ;
; WIDTH_A                            ; 8                    ; Signed Integer                                 ;
; WIDTHAD_A                          ; 5                    ; Signed Integer                                 ;
; NUMWORDS_A                         ; 32                   ; Signed Integer                                 ;
; OUTDATA_REG_A                      ; CLOCK0               ; Untyped                                        ;
; ADDRESS_ACLR_A                     ; NONE                 ; Untyped                                        ;
; OUTDATA_ACLR_A                     ; NONE                 ; Untyped                                        ;
; WRCONTROL_ACLR_A                   ; NONE                 ; Untyped                                        ;
; INDATA_ACLR_A                      ; NONE                 ; Untyped                                        ;
; BYTEENA_ACLR_A                     ; NONE                 ; Untyped                                        ;
; WIDTH_B                            ; 1                    ; Untyped                                        ;
; WIDTHAD_B                          ; 1                    ; Untyped                                        ;
; NUMWORDS_B                         ; 1                    ; Untyped                                        ;
; INDATA_REG_B                       ; CLOCK1               ; Untyped                                        ;
; WRCONTROL_WRADDRESS_REG_B          ; CLOCK1               ; Untyped                                        ;
; RDCONTROL_REG_B                    ; CLOCK1               ; Untyped                                        ;
; ADDRESS_REG_B                      ; CLOCK1               ; Untyped                                        ;
; OUTDATA_REG_B                      ; UNREGISTERED         ; Untyped                                        ;
; BYTEENA_REG_B                      ; CLOCK1               ; Untyped                                        ;
; INDATA_ACLR_B                      ; NONE                 ; Untyped                                        ;
; WRCONTROL_ACLR_B                   ; NONE                 ; Untyped                                        ;
; ADDRESS_ACLR_B                     ; NONE                 ; Untyped                                        ;
; OUTDATA_ACLR_B                     ; NONE                 ; Untyped                                        ;
; RDCONTROL_ACLR_B                   ; NONE                 ; Untyped                                        ;
; BYTEENA_ACLR_B                     ; NONE                 ; Untyped                                        ;
; WIDTH_BYTEENA_A                    ; 1                    ; Signed Integer                                 ;
; WIDTH_BYTEENA_B                    ; 1                    ; Untyped                                        ;
; RAM_BLOCK_TYPE                     ; AUTO                 ; Untyped                                        ;
; BYTE_SIZE                          ; 8                    ; Untyped                                        ;
; READ_DURING_WRITE_MODE_MIXED_PORTS ; DONT_CARE            ; Untyped                                        ;
; READ_DURING_WRITE_MODE_PORT_A      ; NEW_DATA_NO_NBE_READ ; Untyped                                        ;
; READ_DURING_WRITE_MODE_PORT_B      ; NEW_DATA_NO_NBE_READ ; Untyped                                        ;
; INIT_FILE                          ; LENGTH_TABLE.mif     ; Untyped                                        ;
; INIT_FILE_LAYOUT                   ; PORT_A               ; Untyped                                        ;
; MAXIMUM_DEPTH                      ; 0                    ; Untyped                                        ;
; CLOCK_ENABLE_INPUT_A               ; BYPASS               ; Untyped                                        ;
; CLOCK_ENABLE_INPUT_B               ; NORMAL               ; Untyped                                        ;
; CLOCK_ENABLE_OUTPUT_A              ; BYPASS               ; Untyped                                        ;
; CLOCK_ENABLE_OUTPUT_B              ; NORMAL               ; Untyped                                        ;
; CLOCK_ENABLE_CORE_A                ; USE_INPUT_CLKEN      ; Untyped                                        ;
; CLOCK_ENABLE_CORE_B                ; USE_INPUT_CLKEN      ; Untyped                                        ;
; ENABLE_ECC                         ; FALSE                ; Untyped                                        ;
; ECC_PIPELINE_STAGE_ENABLED         ; FALSE                ; Untyped                                        ;
; WIDTH_ECCSTATUS                    ; 3                    ; Untyped                                        ;
; DEVICE_FAMILY                      ; Cyclone II           ; Untyped                                        ;
; CBXI_PARAMETER                     ; altsyncram_4l71      ; Untyped                                        ;
+------------------------------------+----------------------+------------------------------------------------+
Note: In order to hide this table in the UI and the text report file, please set the "Show Parameter Settings in Synthesis Report" option in "Analysis and Synthesis Settings -> More Settings" to "Off".


+-----------------------------------------------------------------------------------------------------------------------------------------+
; altsyncram Parameter Settings by Entity Instance                                                                                        ;
+-------------------------------------------+---------------------------------------------------------------------------------------------+
; Name                                      ; Value                                                                                       ;
+-------------------------------------------+---------------------------------------------------------------------------------------------+
; Number of entity instances                ; 3                                                                                           ;
; Entity Instance                           ; NOISE_CHANNEL:MOD_NOISE_CHANNEL|NOISE_TABLE:MOD_NOISE_TABLE|altsyncram:altsyncram_component ;
;     -- OPERATION_MODE                     ; ROM                                                                                         ;
;     -- WIDTH_A                            ; 11                                                                                          ;
;     -- NUMWORDS_A                         ; 32                                                                                          ;
;     -- OUTDATA_REG_A                      ; CLOCK0                                                                                      ;
;     -- WIDTH_B                            ; 1                                                                                           ;
;     -- NUMWORDS_B                         ; 1                                                                                           ;
;     -- ADDRESS_REG_B                      ; CLOCK1                                                                                      ;
;     -- OUTDATA_REG_B                      ; UNREGISTERED                                                                                ;
;     -- RAM_BLOCK_TYPE                     ; AUTO                                                                                        ;
;     -- READ_DURING_WRITE_MODE_MIXED_PORTS ; DONT_CARE                                                                                   ;
; Entity Instance                           ; DPCM_CHANNEL:MOD_DPCM_CHANNEL|DPCM_TABLE:MOD_DPCM_TABLE|altsyncram:altsyncram_component     ;
;     -- OPERATION_MODE                     ; ROM                                                                                         ;
;     -- WIDTH_A                            ; 9                                                                                           ;
;     -- NUMWORDS_A                         ; 32                                                                                          ;
;     -- OUTDATA_REG_A                      ; CLOCK0                                                                                      ;
;     -- WIDTH_B                            ; 1                                                                                           ;
;     -- NUMWORDS_B                         ; 1                                                                                           ;
;     -- ADDRESS_REG_B                      ; CLOCK1                                                                                      ;
;     -- OUTDATA_REG_B                      ; UNREGISTERED                                                                                ;
;     -- RAM_BLOCK_TYPE                     ; AUTO                                                                                        ;
;     -- READ_DURING_WRITE_MODE_MIXED_PORTS ; DONT_CARE                                                                                   ;
; Entity Instance                           ; LENGTH_TABLE:MOD_LENGTH_TABLE|altsyncram:altsyncram_component                               ;
;     -- OPERATION_MODE                     ; ROM                                                                                         ;
;     -- WIDTH_A                            ; 8                                                                                           ;
;     -- NUMWORDS_A                         ; 32                                                                                          ;
;     -- OUTDATA_REG_A                      ; CLOCK0                                                                                      ;
;     -- WIDTH_B                            ; 1                                                                                           ;
;     -- NUMWORDS_B                         ; 1                                                                                           ;
;     -- ADDRESS_REG_B                      ; CLOCK1                                                                                      ;
;     -- OUTDATA_REG_B                      ; UNREGISTERED                                                                                ;
;     -- RAM_BLOCK_TYPE                     ; AUTO                                                                                        ;
;     -- READ_DURING_WRITE_MODE_MIXED_PORTS ; DONT_CARE                                                                                   ;
+-------------------------------------------+---------------------------------------------------------------------------------------------+


+-----------------------------------------------------------------+
; Port Connectivity Checks: "SQUARE_CHANNEL:MOD_SQUARE_CHANNEL_B" ;
+------+-------+----------+---------------------------------------+
; Port ; Type  ; Severity ; Details                               ;
+------+-------+----------+---------------------------------------+
; MODE ; Input ; Info     ; Stuck at GND                          ;
+------+-------+----------+---------------------------------------+


+-----------------------------------------------------------------+
; Port Connectivity Checks: "SQUARE_CHANNEL:MOD_SQUARE_CHANNEL_A" ;
+------+-------+----------+---------------------------------------+
; Port ; Type  ; Severity ; Details                               ;
+------+-------+----------+---------------------------------------+
; MODE ; Input ; Info     ; Stuck at VCC                          ;
+------+-------+----------+---------------------------------------+


+----------------------------------------------------------------------------------------------------------------+
; Port Connectivity Checks: "MOS6502_WBCD:MOD_MOS6502_WBCD|RANDOM_LOGIC:MOD_RANDOM_LOGIC"                        ;
+------+--------+----------+-------------------------------------------------------------------------------------+
; Port ; Type   ; Severity ; Details                                                                             ;
+------+--------+----------+-------------------------------------------------------------------------------------+
; S_S  ; Output ; Info     ; Connected to dangling logic. Logic that only feeds a dangling port will be removed. ;
+------+--------+----------+-------------------------------------------------------------------------------------+


+----------------------------------------------------------------------------------------------------------------+
; Port Connectivity Checks: "MOS6502_WBCD:MOD_MOS6502_WBCD"                                                      ;
+------+--------+----------+-------------------------------------------------------------------------------------+
; Port ; Type   ; Severity ; Details                                                                             ;
+------+--------+----------+-------------------------------------------------------------------------------------+
; SO   ; Input  ; Info     ; Stuck at VCC                                                                        ;
; SYNC ; Output ; Info     ; Connected to dangling logic. Logic that only feeds a dangling port will be removed. ;
+------+--------+----------+-------------------------------------------------------------------------------------+


+-------------------------------+
; Elapsed Time Per Partition    ;
+----------------+--------------+
; Partition Name ; Elapsed Time ;
+----------------+--------------+
; Top            ; 00:00:02     ;
+----------------+--------------+


+-------------------------------+
; Analysis & Synthesis Messages ;
+-------------------------------+
Info: *******************************************************************
Info: Running Quartus II 64-Bit Analysis & Synthesis
    Info: Version 13.0.1 Build 232 06/12/2013 Service Pack 1 SJ Web Edition
    Info: Processing started: Wed Oct 01 14:51:38 2025
Info: Command: quartus_map --read_settings_files=on --write_settings_files=off RP2A03 -c RP2A03
Info (12021): Found 15 design units, including 15 entities, in source file mos6502_wbcd.v
    Info (12023): Found entity 1: MOS6502_WBCD
    Info (12023): Found entity 2: PREDECODE_IR
    Info (12023): Found entity 3: EXTRA_COUNTER
    Info (12023): Found entity 4: DECODER
    Info (12023): Found entity 5: RANDOM_LOGIC
    Info (12023): Found entity 6: FLAGS
    Info (12023): Found entity 7: BUS_CONTROL
    Info (12023): Found entity 8: INT_RESET_CONTROL
    Info (12023): Found entity 9: REGS_CONTROL
    Info (12023): Found entity 10: PC_SETUP
    Info (12023): Found entity 11: ALU_SETUP
    Info (12023): Found entity 12: DISPATCH
    Info (12023): Found entity 13: BUS_MUX
    Info (12023): Found entity 14: ALU
    Info (12023): Found entity 15: PC
Info (12021): Found 1 design units, including 1 entities, in source file noise_table.v
    Info (12023): Found entity 1: NOISE_TABLE
Info (12021): Found 1 design units, including 1 entities, in source file length_table.v
    Info (12023): Found entity 1: LENGTH_TABLE
Info (12021): Found 1 design units, including 1 entities, in source file dpcm_table.v
    Info (12023): Found entity 1: DPCM_TABLE
Info (12021): Found 11 design units, including 11 entities, in source file rp2a03.v
    Info (12023): Found entity 1: RP2A03
    Info (12023): Found entity 2: CDIV
    Info (12023): Found entity 3: REG_SEL
    Info (12023): Found entity 4: LFO
    Info (12023): Found entity 5: SQUARE_CHANNEL
    Info (12023): Found entity 6: TRIANGLE_CHANNEL
    Info (12023): Found entity 7: NOISE_CHANNEL
    Info (12023): Found entity 8: DPCM_CHANNEL
    Info (12023): Found entity 9: SPRITE_DMA
    Info (12023): Found entity 10: LENGTH_COUNTER
    Info (12023): Found entity 11: ENVELOPE_GEN
Info (12127): Elaborating entity "RP2A03" for the top level hierarchy
Info (12128): Elaborating entity "CDIV" for hierarchy "CDIV:MOD_CDIV"
Info (12128): Elaborating entity "MOS6502_WBCD" for hierarchy "MOS6502_WBCD:MOD_MOS6502_WBCD"
Info (12128): Elaborating entity "PREDECODE_IR" for hierarchy "MOS6502_WBCD:MOD_MOS6502_WBCD|PREDECODE_IR:MOD_PREDECODE_IR"
Info (12128): Elaborating entity "EXTRA_COUNTER" for hierarchy "MOS6502_WBCD:MOD_MOS6502_WBCD|EXTRA_COUNTER:MOD_EXTRA_COUNTER"
Info (12128): Elaborating entity "DECODER" for hierarchy "MOS6502_WBCD:MOD_MOS6502_WBCD|DECODER:MOD_DECODER"
Info (12128): Elaborating entity "RANDOM_LOGIC" for hierarchy "MOS6502_WBCD:MOD_MOS6502_WBCD|RANDOM_LOGIC:MOD_RANDOM_LOGIC"
Info (12128): Elaborating entity "FLAGS" for hierarchy "MOS6502_WBCD:MOD_MOS6502_WBCD|RANDOM_LOGIC:MOD_RANDOM_LOGIC|FLAGS:MOD_FLAGS"
Info (12128): Elaborating entity "BUS_CONTROL" for hierarchy "MOS6502_WBCD:MOD_MOS6502_WBCD|RANDOM_LOGIC:MOD_RANDOM_LOGIC|BUS_CONTROL:MOD_BUS_CONTROL"
Info (12128): Elaborating entity "INT_RESET_CONTROL" for hierarchy "MOS6502_WBCD:MOD_MOS6502_WBCD|RANDOM_LOGIC:MOD_RANDOM_LOGIC|INT_RESET_CONTROL:MOD_INT_RESET_CONTROL"
Info (12128): Elaborating entity "REGS_CONTROL" for hierarchy "MOS6502_WBCD:MOD_MOS6502_WBCD|RANDOM_LOGIC:MOD_RANDOM_LOGIC|REGS_CONTROL:MOD_REGS_CONTROL"
Info (12128): Elaborating entity "PC_SETUP" for hierarchy "MOS6502_WBCD:MOD_MOS6502_WBCD|RANDOM_LOGIC:MOD_RANDOM_LOGIC|PC_SETUP:MOD_PC_SETUP"
Info (12128): Elaborating entity "ALU_SETUP" for hierarchy "MOS6502_WBCD:MOD_MOS6502_WBCD|RANDOM_LOGIC:MOD_RANDOM_LOGIC|ALU_SETUP:MOD_ALU_SETUP"
Info (12128): Elaborating entity "DISPATCH" for hierarchy "MOS6502_WBCD:MOD_MOS6502_WBCD|RANDOM_LOGIC:MOD_RANDOM_LOGIC|DISPATCH:MOD_DISPATCH"
Info (12128): Elaborating entity "ALU" for hierarchy "MOS6502_WBCD:MOD_MOS6502_WBCD|ALU:MOD_ALU"
Info (12128): Elaborating entity "BUS_MUX" for hierarchy "MOS6502_WBCD:MOD_MOS6502_WBCD|BUS_MUX:MOD_BUS_MUX"
Info (12128): Elaborating entity "PC" for hierarchy "MOS6502_WBCD:MOD_MOS6502_WBCD|PC:MOD_PC"
Info (12128): Elaborating entity "REG_SEL" for hierarchy "REG_SEL:MOD_REG_SEL"
Info (12128): Elaborating entity "LFO" for hierarchy "LFO:MOD_LFO"
Info (12128): Elaborating entity "SQUARE_CHANNEL" for hierarchy "SQUARE_CHANNEL:MOD_SQUARE_CHANNEL_A"
Info (12128): Elaborating entity "ENVELOPE_GEN" for hierarchy "SQUARE_CHANNEL:MOD_SQUARE_CHANNEL_A|ENVELOPE_GEN:MOD_ENVELOPE_GEN"
Info (12128): Elaborating entity "TRIANGLE_CHANNEL" for hierarchy "TRIANGLE_CHANNEL:MOD_TRIANGLE_CHANNEL"
Info (12128): Elaborating entity "NOISE_CHANNEL" for hierarchy "NOISE_CHANNEL:MOD_NOISE_CHANNEL"
Info (12128): Elaborating entity "NOISE_TABLE" for hierarchy "NOISE_CHANNEL:MOD_NOISE_CHANNEL|NOISE_TABLE:MOD_NOISE_TABLE"
Info (12128): Elaborating entity "altsyncram" for hierarchy "NOISE_CHANNEL:MOD_NOISE_CHANNEL|NOISE_TABLE:MOD_NOISE_TABLE|altsyncram:altsyncram_component"
Info (12130): Elaborated megafunction instantiation "NOISE_CHANNEL:MOD_NOISE_CHANNEL|NOISE_TABLE:MOD_NOISE_TABLE|altsyncram:altsyncram_component"
Info (12133): Instantiated megafunction "NOISE_CHANNEL:MOD_NOISE_CHANNEL|NOISE_TABLE:MOD_NOISE_TABLE|altsyncram:altsyncram_component" with the following parameter:
    Info (12134): Parameter "clock_enable_input_a" = "BYPASS"
    Info (12134): Parameter "clock_enable_output_a" = "BYPASS"
    Info (12134): Parameter "init_file" = "NOISE_TABLE.mif"
    Info (12134): Parameter "intended_device_family" = "Cyclone II"
    Info (12134): Parameter "lpm_hint" = "ENABLE_RUNTIME_MOD=NO"
    Info (12134): Parameter "lpm_type" = "altsyncram"
    Info (12134): Parameter "numwords_a" = "32"
    Info (12134): Parameter "operation_mode" = "ROM"
    Info (12134): Parameter "outdata_aclr_a" = "NONE"
    Info (12134): Parameter "outdata_reg_a" = "CLOCK0"
    Info (12134): Parameter "widthad_a" = "5"
    Info (12134): Parameter "width_a" = "11"
    Info (12134): Parameter "width_byteena_a" = "1"
Info (12021): Found 1 design units, including 1 entities, in source file db/altsyncram_aj71.tdf
    Info (12023): Found entity 1: altsyncram_aj71
Info (12128): Elaborating entity "altsyncram_aj71" for hierarchy "NOISE_CHANNEL:MOD_NOISE_CHANNEL|NOISE_TABLE:MOD_NOISE_TABLE|altsyncram:altsyncram_component|altsyncram_aj71:auto_generated"
Info (12128): Elaborating entity "DPCM_CHANNEL" for hierarchy "DPCM_CHANNEL:MOD_DPCM_CHANNEL"
Info (12128): Elaborating entity "DPCM_TABLE" for hierarchy "DPCM_CHANNEL:MOD_DPCM_CHANNEL|DPCM_TABLE:MOD_DPCM_TABLE"
Info (12128): Elaborating entity "altsyncram" for hierarchy "DPCM_CHANNEL:MOD_DPCM_CHANNEL|DPCM_TABLE:MOD_DPCM_TABLE|altsyncram:altsyncram_component"
Info (12130): Elaborated megafunction instantiation "DPCM_CHANNEL:MOD_DPCM_CHANNEL|DPCM_TABLE:MOD_DPCM_TABLE|altsyncram:altsyncram_component"
Info (12133): Instantiated megafunction "DPCM_CHANNEL:MOD_DPCM_CHANNEL|DPCM_TABLE:MOD_DPCM_TABLE|altsyncram:altsyncram_component" with the following parameter:
    Info (12134): Parameter "clock_enable_input_a" = "BYPASS"
    Info (12134): Parameter "clock_enable_output_a" = "BYPASS"
    Info (12134): Parameter "init_file" = "DPCM_TABLE.mif"
    Info (12134): Parameter "intended_device_family" = "Cyclone II"
    Info (12134): Parameter "lpm_hint" = "ENABLE_RUNTIME_MOD=NO"
    Info (12134): Parameter "lpm_type" = "altsyncram"
    Info (12134): Parameter "numwords_a" = "32"
    Info (12134): Parameter "operation_mode" = "ROM"
    Info (12134): Parameter "outdata_aclr_a" = "NONE"
    Info (12134): Parameter "outdata_reg_a" = "CLOCK0"
    Info (12134): Parameter "widthad_a" = "5"
    Info (12134): Parameter "width_a" = "9"
    Info (12134): Parameter "width_byteena_a" = "1"
Info (12021): Found 1 design units, including 1 entities, in source file db/altsyncram_7e71.tdf
    Info (12023): Found entity 1: altsyncram_7e71
Info (12128): Elaborating entity "altsyncram_7e71" for hierarchy "DPCM_CHANNEL:MOD_DPCM_CHANNEL|DPCM_TABLE:MOD_DPCM_TABLE|altsyncram:altsyncram_component|altsyncram_7e71:auto_generated"
Info (12128): Elaborating entity "SPRITE_DMA" for hierarchy "SPRITE_DMA:MOD_SPRITE_DMA"
Info (12128): Elaborating entity "LENGTH_TABLE" for hierarchy "LENGTH_TABLE:MOD_LENGTH_TABLE"
Info (12128): Elaborating entity "altsyncram" for hierarchy "LENGTH_TABLE:MOD_LENGTH_TABLE|altsyncram:altsyncram_component"
Info (12130): Elaborated megafunction instantiation "LENGTH_TABLE:MOD_LENGTH_TABLE|altsyncram:altsyncram_component"
Info (12133): Instantiated megafunction "LENGTH_TABLE:MOD_LENGTH_TABLE|altsyncram:altsyncram_component" with the following parameter:
    Info (12134): Parameter "clock_enable_input_a" = "BYPASS"
    Info (12134): Parameter "clock_enable_output_a" = "BYPASS"
    Info (12134): Parameter "init_file" = "LENGTH_TABLE.mif"
    Info (12134): Parameter "intended_device_family" = "Cyclone II"
    Info (12134): Parameter "lpm_hint" = "ENABLE_RUNTIME_MOD=NO"
    Info (12134): Parameter "lpm_type" = "altsyncram"
    Info (12134): Parameter "numwords_a" = "32"
    Info (12134): Parameter "operation_mode" = "ROM"
    Info (12134): Parameter "outdata_aclr_a" = "NONE"
    Info (12134): Parameter "outdata_reg_a" = "CLOCK0"
    Info (12134): Parameter "widthad_a" = "5"
    Info (12134): Parameter "width_a" = "8"
    Info (12134): Parameter "width_byteena_a" = "1"
Info (12021): Found 1 design units, including 1 entities, in source file db/altsyncram_4l71.tdf
    Info (12023): Found entity 1: altsyncram_4l71
Info (12128): Elaborating entity "altsyncram_4l71" for hierarchy "LENGTH_TABLE:MOD_LENGTH_TABLE|altsyncram:altsyncram_component|altsyncram_4l71:auto_generated"
Info (12128): Elaborating entity "LENGTH_COUNTER" for hierarchy "LENGTH_COUNTER:LENGTH_COUNTER_SQA"
Info (17049): 2 registers lost all their fanouts during netlist optimizations.
Info (144001): Generated suppressed messages file D:/SRC/RP2A03-7--main/RP2A03-7--main/Quartus/output_files/RP2A03.map.smsg
Info (16010): Generating hard_block partition "hard_block:auto_generated_inst"
    Info (16011): Adding 0 node(s), including 0 DDIO, 0 PLL, 0 transceiver and 0 LCELL
Info (21057): Implemented 1868 device resources after synthesis - the final resource count might be different
    Info (21058): Implemented 5 input pins
    Info (21059): Implemented 37 output pins
    Info (21060): Implemented 8 bidirectional pins
    Info (21061): Implemented 1790 logic cells
    Info (21064): Implemented 28 RAM segments
Info: Quartus II 64-Bit Analysis & Synthesis was successful. 0 errors, 0 warnings
    Info: Peak virtual memory: 4615 megabytes
    Info: Processing ended: Wed Oct 01 14:51:42 2025
    Info: Elapsed time: 00:00:04
    Info: Total CPU time (on all processors): 00:00:03


+------------------------------------------+
; Analysis & Synthesis Suppressed Messages ;
+------------------------------------------+
The suppressed messages can be found in D:/SRC/RP2A03-7--main/RP2A03-7--main/Quartus/output_files/RP2A03.map.smsg.


